[2026-04-25 15:14:19] 
[2026-04-25 15:14:19] === Pre-flight Checklist (MONAI Pipeline) ===✈
[2026-04-25 15:14:19] [INFO] Device set to: cuda
[2026-04-25 15:14:19] [INFO] Dataset loaded. Train: 28 files | Val: 6 files
[2026-04-25 15:14:19] [INFO] Dataloaders ready. Train Batch Size: 2
[2026-04-25 15:14:20] [INFO] MONAI UNet Initialized. Total params: 25,969,628
[2026-04-25 15:14:20] [INFO] Criterion: MONAI DiceLoss(sigmoid=True)
[2026-04-25 15:14:20] [INFO] Optimizer configured: SGD (lr=0.01, momentum=0.9)
[2026-04-25 15:14:20] [INFO] Learning Rate Scheduler configured: ReduceLROnPlateau
[2026-04-25 15:14:20] [INFO] Early Stopping configured. Patience: 10 epochs, max_epochs: 300
[2026-04-25 15:14:20] ============================
[2026-04-25 15:14:20] 
[2026-04-25 15:14:20] 
===== Training Started ====✈

[2026-04-25 15:14:20] ====================================================
[2026-04-25 15:14:27] [Epoch 001/300] | Train Loss: 0.9795  | Time: 0m 07s
[2026-04-25 15:14:33] [Epoch 002/300] | Train Loss: 0.9807  | Time: 0m 06s
[2026-04-25 15:14:40] [Epoch 003/300] | Train Loss: 0.9790  | Time: 0m 06s
[2026-04-25 15:14:46] [Epoch 004/300] | Train Loss: 0.9822  | Time: 0m 06s
[2026-04-25 15:15:01] --------------------------------------------------------
[2026-04-25 15:15:01] [Epoch 005/300] | Train Loss: 0.9785  | Val Loss: 0.9786
[2026-04-25 15:15:01]                 | Val Dice  : 0.0261  | Time    : 0m 15s
[2026-04-25 15:15:01]                 | Learning Rate: 0.01
[2026-04-25 15:15:01] ========================================================
[2026-04-25 15:15:01] [SAVE] New best record! MONAI Model saved!
[2026-04-25 15:15:01] 
[2026-04-25 15:15:01] ====================================================
[2026-04-25 15:15:10] [Epoch 006/300] | Train Loss: 0.9787  | Time: 0m 08s
[2026-04-25 15:15:17] [Epoch 007/300] | Train Loss: 0.9710  | Time: 0m 07s
[2026-04-25 15:15:25] [Epoch 008/300] | Train Loss: 0.9744  | Time: 0m 07s
[2026-04-25 15:15:33] [Epoch 009/300] | Train Loss: 0.9726  | Time: 0m 07s
[2026-04-25 15:15:48] --------------------------------------------------------
[2026-04-25 15:15:48] [Epoch 010/300] | Train Loss: 0.9740  | Val Loss: 0.9699
[2026-04-25 15:15:48]                 | Val Dice  : 0.0483  | Time    : 0m 15s
[2026-04-25 15:15:48]                 | Learning Rate: 0.01
[2026-04-25 15:15:48] ========================================================
[2026-04-25 15:15:49] [SAVE] New best record! MONAI Model saved!
[2026-04-25 15:15:49] 
[2026-04-25 15:15:49] ====================================================
[2026-04-25 15:15:57] [Epoch 011/300] | Train Loss: 0.9720  | Time: 0m 08s
[2026-04-25 15:16:05] [Epoch 012/300] | Train Loss: 0.9712  | Time: 0m 07s
[2026-04-25 15:16:12] [Epoch 013/300] | Train Loss: 0.9688  | Time: 0m 07s
[2026-04-25 15:16:19] [Epoch 014/300] | Train Loss: 0.9717  | Time: 0m 06s
[2026-04-25 15:16:35] --------------------------------------------------------
[2026-04-25 15:16:35] [Epoch 015/300] | Train Loss: 0.9704  | Val Loss: 0.9614
[2026-04-25 15:16:35]                 | Val Dice  : 0.0720  | Time    : 0m 15s
[2026-04-25 15:16:35]                 | Learning Rate: 0.01
[2026-04-25 15:16:35] ========================================================
[2026-04-25 15:16:35] [SAVE] New best record! MONAI Model saved!
[2026-04-25 15:16:35] 
[2026-04-25 15:16:35] ====================================================
[2026-04-25 15:16:43] [Epoch 016/300] | Train Loss: 0.9616  | Time: 0m 07s
[2026-04-25 15:16:50] [Epoch 017/300] | Train Loss: 0.9673  | Time: 0m 06s
[2026-04-25 15:16:58] [Epoch 018/300] | Train Loss: 0.9627  | Time: 0m 07s
[2026-04-25 15:17:05] [Epoch 019/300] | Train Loss: 0.9600  | Time: 0m 07s
[2026-04-25 15:17:21] --------------------------------------------------------
[2026-04-25 15:17:21] [Epoch 020/300] | Train Loss: 0.9624  | Val Loss: 0.9697
[2026-04-25 15:17:21]                 | Val Dice  : 0.0586  | Time    : 0m 16s
[2026-04-25 15:17:21]                 | Learning Rate: 0.01
[2026-04-25 15:17:21] ========================================================
[2026-04-25 15:17:21] [WARN] No improvement. Patience: 1/10
[2026-04-25 15:17:21] 
[2026-04-25 15:17:21] ====================================================
[2026-04-25 15:17:30] [Epoch 021/300] | Train Loss: 0.9637  | Time: 0m 08s
[2026-04-25 15:17:37] [Epoch 022/300] | Train Loss: 0.9571  | Time: 0m 07s
[2026-04-25 15:17:44] [Epoch 023/300] | Train Loss: 0.9568  | Time: 0m 07s
[2026-04-25 15:17:52] [Epoch 024/300] | Train Loss: 0.9652  | Time: 0m 07s
[2026-04-25 15:18:07] --------------------------------------------------------
[2026-04-25 15:18:07] [Epoch 025/300] | Train Loss: 0.9604  | Val Loss: 0.9581
[2026-04-25 15:18:07]                 | Val Dice  : 0.0820  | Time    : 0m 15s
[2026-04-25 15:18:07]                 | Learning Rate: 0.01
[2026-04-25 15:18:07] ========================================================
[2026-04-25 15:18:07] [SAVE] New best record! MONAI Model saved!
[2026-04-25 15:18:07] 
[2026-04-25 15:18:07] ====================================================
[2026-04-25 15:18:16] [Epoch 026/300] | Train Loss: 0.9664  | Time: 0m 08s
[2026-04-25 15:18:23] [Epoch 027/300] | Train Loss: 0.9604  | Time: 0m 06s
[2026-04-25 15:18:30] [Epoch 028/300] | Train Loss: 0.9561  | Time: 0m 06s
[2026-04-25 15:18:37] [Epoch 029/300] | Train Loss: 0.9622  | Time: 0m 07s
[2026-04-25 15:18:54] --------------------------------------------------------
[2026-04-25 15:18:54] [Epoch 030/300] | Train Loss: 0.9579  | Val Loss: 0.9543
[2026-04-25 15:18:54]                 | Val Dice  : 0.0876  | Time    : 0m 16s
[2026-04-25 15:18:54]                 | Learning Rate: 0.01
[2026-04-25 15:18:54] ========================================================
[2026-04-25 15:18:54] [SAVE] New best record! MONAI Model saved!
[2026-04-25 15:18:54] 
[2026-04-25 15:18:54] ====================================================
[2026-04-25 15:19:02] [Epoch 031/300] | Train Loss: 0.9524  | Time: 0m 08s
[2026-04-25 15:19:10] [Epoch 032/300] | Train Loss: 0.9588  | Time: 0m 07s
[2026-04-25 15:19:17] [Epoch 033/300] | Train Loss: 0.9532  | Time: 0m 07s
[2026-04-25 15:19:24] [Epoch 034/300] | Train Loss: 0.9525  | Time: 0m 07s
[2026-04-25 15:19:41] --------------------------------------------------------
[2026-04-25 15:19:41] [Epoch 035/300] | Train Loss: 0.9475  | Val Loss: 0.9515
[2026-04-25 15:19:41]                 | Val Dice  : 0.0866  | Time    : 0m 16s
[2026-04-25 15:19:41]                 | Learning Rate: 0.01
[2026-04-25 15:19:41] ========================================================
[2026-04-25 15:19:41] [WARN] No improvement. Patience: 1/10
[2026-04-25 15:19:41] 
[2026-04-25 15:19:41] ====================================================
[2026-04-25 15:19:49] [Epoch 036/300] | Train Loss: 0.9407  | Time: 0m 08s
[2026-04-25 15:19:56] [Epoch 037/300] | Train Loss: 0.9463  | Time: 0m 06s
[2026-04-25 15:20:04] [Epoch 038/300] | Train Loss: 0.9539  | Time: 0m 07s
[2026-04-25 15:20:11] [Epoch 039/300] | Train Loss: 0.9435  | Time: 0m 07s
[2026-04-25 15:20:27] --------------------------------------------------------
[2026-04-25 15:20:27] [Epoch 040/300] | Train Loss: 0.9460  | Val Loss: 0.9459
[2026-04-25 15:20:27]                 | Val Dice  : 0.0873  | Time    : 0m 15s
[2026-04-25 15:20:27]                 | Learning Rate: 0.01
[2026-04-25 15:20:27] ========================================================
[2026-04-25 15:20:27] [WARN] No improvement. Patience: 2/10
[2026-04-25 15:20:27] 
[2026-04-25 15:20:27] ====================================================
[2026-04-25 15:20:36] [Epoch 041/300] | Train Loss: 0.9477  | Time: 0m 08s
[2026-04-25 15:20:44] [Epoch 042/300] | Train Loss: 0.9421  | Time: 0m 07s
[2026-04-25 15:20:52] [Epoch 043/300] | Train Loss: 0.9464  | Time: 0m 07s
[2026-04-25 15:20:59] [Epoch 044/300] | Train Loss: 0.9362  | Time: 0m 07s
[2026-04-25 15:21:15] --------------------------------------------------------
[2026-04-25 15:21:15] [Epoch 045/300] | Train Loss: 0.9453  | Val Loss: 0.9343
[2026-04-25 15:21:15]                 | Val Dice  : 0.0975  | Time    : 0m 16s
[2026-04-25 15:21:15]                 | Learning Rate: 0.01
[2026-04-25 15:21:15] ========================================================
[2026-04-25 15:21:15] [SAVE] New best record! MONAI Model saved!
[2026-04-25 15:21:15] 
[2026-04-25 15:21:15] ====================================================
[2026-04-25 15:21:23] [Epoch 046/300] | Train Loss: 0.9351  | Time: 0m 07s
[2026-04-25 15:21:31] [Epoch 047/300] | Train Loss: 0.9375  | Time: 0m 07s
[2026-04-25 15:21:38] [Epoch 048/300] | Train Loss: 0.9344  | Time: 0m 06s
[2026-04-25 15:21:45] [Epoch 049/300] | Train Loss: 0.9313  | Time: 0m 07s
[2026-04-25 15:22:01] --------------------------------------------------------
[2026-04-25 15:22:01] [Epoch 050/300] | Train Loss: 0.9254  | Val Loss: 0.9198
[2026-04-25 15:22:01]                 | Val Dice  : 0.1139  | Time    : 0m 15s
[2026-04-25 15:22:01]                 | Learning Rate: 0.01
[2026-04-25 15:22:01] ========================================================
[2026-04-25 15:22:01] [SAVE] New best record! MONAI Model saved!
[2026-04-25 15:22:01] 
[2026-04-25 15:22:01] ====================================================
[2026-04-25 15:22:10] [Epoch 051/300] | Train Loss: 0.9227  | Time: 0m 07s
[2026-04-25 15:22:17] [Epoch 052/300] | Train Loss: 0.9217  | Time: 0m 06s
[2026-04-25 15:22:24] [Epoch 053/300] | Train Loss: 0.9212  | Time: 0m 06s
[2026-04-25 15:22:31] [Epoch 054/300] | Train Loss: 0.9114  | Time: 0m 07s
[2026-04-25 15:22:48] --------------------------------------------------------
[2026-04-25 15:22:48] [Epoch 055/300] | Train Loss: 0.9223  | Val Loss: 0.9205
[2026-04-25 15:22:48]                 | Val Dice  : 0.1144  | Time    : 0m 16s
[2026-04-25 15:22:48]                 | Learning Rate: 0.01
[2026-04-25 15:22:48] ========================================================
[2026-04-25 15:22:48] [SAVE] New best record! MONAI Model saved!
[2026-04-25 15:22:48] 
[2026-04-25 15:22:48] ====================================================
[2026-04-25 15:22:56] [Epoch 056/300] | Train Loss: 0.9146  | Time: 0m 08s
[2026-04-25 15:23:04] [Epoch 057/300] | Train Loss: 0.9088  | Time: 0m 07s
[2026-04-25 15:23:11] [Epoch 058/300] | Train Loss: 0.9122  | Time: 0m 06s
[2026-04-25 15:23:18] [Epoch 059/300] | Train Loss: 0.9114  | Time: 0m 06s
[2026-04-25 15:23:34] --------------------------------------------------------
[2026-04-25 15:23:34] [Epoch 060/300] | Train Loss: 0.8884  | Val Loss: 0.8911
[2026-04-25 15:23:34]                 | Val Dice  : 0.1450  | Time    : 0m 15s
[2026-04-25 15:23:34]                 | Learning Rate: 0.01
[2026-04-25 15:23:34] ========================================================
[2026-04-25 15:23:35] [SAVE] New best record! MONAI Model saved!
[2026-04-25 15:23:35] 
[2026-04-25 15:23:35] ====================================================
[2026-04-25 15:23:43] [Epoch 061/300] | Train Loss: 0.8851  | Time: 0m 08s
[2026-04-25 15:23:51] [Epoch 062/300] | Train Loss: 0.8871  | Time: 0m 07s
[2026-04-25 15:23:58] [Epoch 063/300] | Train Loss: 0.8907  | Time: 0m 07s
[2026-04-25 15:24:05] [Epoch 064/300] | Train Loss: 0.8612  | Time: 0m 06s
[2026-04-25 15:24:21] --------------------------------------------------------
[2026-04-25 15:24:21] [Epoch 065/300] | Train Loss: 0.8405  | Val Loss: 0.8188
[2026-04-25 15:24:21]                 | Val Dice  : 0.2866  | Time    : 0m 15s
[2026-04-25 15:24:21]                 | Learning Rate: 0.01
[2026-04-25 15:24:21] ========================================================
[2026-04-25 15:24:21] [SAVE] New best record! MONAI Model saved!
[2026-04-25 15:24:21] 
[2026-04-25 15:24:21] ====================================================
[2026-04-25 15:24:30] [Epoch 066/300] | Train Loss: 0.8263  | Time: 0m 08s
[2026-04-25 15:24:37] [Epoch 067/300] | Train Loss: 0.8164  | Time: 0m 07s
[2026-04-25 15:24:44] [Epoch 068/300] | Train Loss: 0.8165  | Time: 0m 07s
[2026-04-25 15:24:51] [Epoch 069/300] | Train Loss: 0.7644  | Time: 0m 07s
[2026-04-25 15:25:08] --------------------------------------------------------
[2026-04-25 15:25:08] [Epoch 070/300] | Train Loss: 0.6867  | Val Loss: 0.6424
[2026-04-25 15:25:08]                 | Val Dice  : 0.7006  | Time    : 0m 15s
[2026-04-25 15:25:08]                 | Learning Rate: 0.01
[2026-04-25 15:25:08] ========================================================
[2026-04-25 15:25:08] [SAVE] New best record! MONAI Model saved!
[2026-04-25 15:25:08] 
[2026-04-25 15:25:08] ====================================================
[2026-04-25 15:25:16] [Epoch 071/300] | Train Loss: 0.6360  | Time: 0m 07s
[2026-04-25 15:25:23] [Epoch 072/300] | Train Loss: 0.5767  | Time: 0m 07s
[2026-04-25 15:25:30] [Epoch 073/300] | Train Loss: 0.4956  | Time: 0m 06s
[2026-04-25 15:25:37] [Epoch 074/300] | Train Loss: 0.4445  | Time: 0m 06s
[2026-04-25 15:25:53] --------------------------------------------------------
[2026-04-25 15:25:53] [Epoch 075/300] | Train Loss: 0.4977  | Val Loss: 0.5035
[2026-04-25 15:25:53]                 | Val Dice  : 0.6230  | Time    : 0m 15s
[2026-04-25 15:25:53]                 | Learning Rate: 0.01
[2026-04-25 15:25:53] ========================================================
[2026-04-25 15:25:53] [WARN] No improvement. Patience: 1/10
[2026-04-25 15:25:53] 
[2026-04-25 15:25:53] ====================================================
[2026-04-25 15:26:01] [Epoch 076/300] | Train Loss: 0.5099  | Time: 0m 08s
[2026-04-25 15:26:08] [Epoch 077/300] | Train Loss: 0.5334  | Time: 0m 07s
[2026-04-25 15:26:16] [Epoch 078/300] | Train Loss: 0.4619  | Time: 0m 07s
[2026-04-25 15:26:23] [Epoch 079/300] | Train Loss: 0.5103  | Time: 0m 07s
[2026-04-25 15:26:40] --------------------------------------------------------
[2026-04-25 15:26:40] [Epoch 080/300] | Train Loss: 0.4491  | Val Loss: 0.4237
[2026-04-25 15:26:40]                 | Val Dice  : 0.7809  | Time    : 0m 15s
[2026-04-25 15:26:40]                 | Learning Rate: 0.01
[2026-04-25 15:26:40] ========================================================
[2026-04-25 15:26:40] [SAVE] New best record! MONAI Model saved!
[2026-04-25 15:26:40] 
[2026-04-25 15:26:40] ====================================================
[2026-04-25 15:26:48] [Epoch 081/300] | Train Loss: 0.4417  | Time: 0m 07s
[2026-04-25 15:26:55] [Epoch 082/300] | Train Loss: 0.3873  | Time: 0m 07s
[2026-04-25 15:27:03] [Epoch 083/300] | Train Loss: 0.4515  | Time: 0m 07s
[2026-04-25 15:27:10] [Epoch 084/300] | Train Loss: 0.4745  | Time: 0m 07s
[2026-04-25 15:27:27] --------------------------------------------------------
[2026-04-25 15:27:27] [Epoch 085/300] | Train Loss: 0.4800  | Val Loss: 0.4400
[2026-04-25 15:27:27]                 | Val Dice  : 0.7876  | Time    : 0m 16s
[2026-04-25 15:27:27]                 | Learning Rate: 0.01
[2026-04-25 15:27:27] ========================================================
[2026-04-25 15:27:27] [SAVE] New best record! MONAI Model saved!
[2026-04-25 15:27:27] 
[2026-04-25 15:27:27] ====================================================
[2026-04-25 15:27:35] [Epoch 086/300] | Train Loss: 0.3864  | Time: 0m 07s
[2026-04-25 15:27:42] [Epoch 087/300] | Train Loss: 0.4560  | Time: 0m 07s
[2026-04-25 15:27:49] [Epoch 088/300] | Train Loss: 0.4033  | Time: 0m 06s
[2026-04-25 15:27:57] [Epoch 089/300] | Train Loss: 0.3804  | Time: 0m 07s
[2026-04-25 15:28:12] --------------------------------------------------------
[2026-04-25 15:28:12] [Epoch 090/300] | Train Loss: 0.3701  | Val Loss: 0.4344
[2026-04-25 15:28:12]                 | Val Dice  : 0.7896  | Time    : 0m 15s
[2026-04-25 15:28:12]                 | Learning Rate: 0.01
[2026-04-25 15:28:12] ========================================================
[2026-04-25 15:28:13] [SAVE] New best record! MONAI Model saved!
[2026-04-25 15:28:13] 
[2026-04-25 15:28:13] ====================================================
[2026-04-25 15:28:21] [Epoch 091/300] | Train Loss: 0.4832  | Time: 0m 07s
[2026-04-25 15:28:28] [Epoch 092/300] | Train Loss: 0.4354  | Time: 0m 06s
[2026-04-25 15:28:35] [Epoch 093/300] | Train Loss: 0.4373  | Time: 0m 06s
[2026-04-25 15:28:42] [Epoch 094/300] | Train Loss: 0.4277  | Time: 0m 07s
[2026-04-25 15:28:59] --------------------------------------------------------
[2026-04-25 15:28:59] [Epoch 095/300] | Train Loss: 0.3839  | Val Loss: 0.4800
[2026-04-25 15:28:59]                 | Val Dice  : 0.7865  | Time    : 0m 15s
[2026-04-25 15:28:59]                 | Learning Rate: 0.01
[2026-04-25 15:28:59] ========================================================
[2026-04-25 15:28:59] [WARN] No improvement. Patience: 1/10
[2026-04-25 15:28:59] 
[2026-04-25 15:28:59] ====================================================
[2026-04-25 15:29:07] [Epoch 096/300] | Train Loss: 0.4199  | Time: 0m 08s
[2026-04-25 15:29:15] [Epoch 097/300] | Train Loss: 0.5299  | Time: 0m 07s
[2026-04-25 15:29:22] [Epoch 098/300] | Train Loss: 0.4719  | Time: 0m 07s
[2026-04-25 15:29:30] [Epoch 099/300] | Train Loss: 0.4295  | Time: 0m 07s
[2026-04-25 15:29:45] --------------------------------------------------------
[2026-04-25 15:29:45] [Epoch 100/300] | Train Loss: 0.4121  | Val Loss: 0.3978
[2026-04-25 15:29:45]                 | Val Dice  : 0.8016  | Time    : 0m 14s
[2026-04-25 15:29:45]                 | Learning Rate: 0.01
[2026-04-25 15:29:45] ========================================================
[2026-04-25 15:29:45] [SAVE] New best record! MONAI Model saved!
[2026-04-25 15:29:45] 
[2026-04-25 15:29:45] ====================================================
[2026-04-25 15:29:53] [Epoch 101/300] | Train Loss: 0.4202  | Time: 0m 07s
[2026-04-25 15:30:00] [Epoch 102/300] | Train Loss: 0.4253  | Time: 0m 07s
[2026-04-25 15:30:08] [Epoch 103/300] | Train Loss: 0.3904  | Time: 0m 07s
[2026-04-25 15:30:15] [Epoch 104/300] | Train Loss: 0.4372  | Time: 0m 06s
[2026-04-25 15:30:31] --------------------------------------------------------
[2026-04-25 15:30:31] [Epoch 105/300] | Train Loss: 0.4752  | Val Loss: 0.3361
[2026-04-25 15:30:31]                 | Val Dice  : 0.8987  | Time    : 0m 15s
[2026-04-25 15:30:31]                 | Learning Rate: 0.01
[2026-04-25 15:30:31] ========================================================
[2026-04-25 15:30:31] [SAVE] New best record! MONAI Model saved!
[2026-04-25 15:30:31] 
[2026-04-25 15:30:31] ====================================================
[2026-04-25 15:30:39] [Epoch 106/300] | Train Loss: 0.4061  | Time: 0m 07s
[2026-04-25 15:30:47] [Epoch 107/300] | Train Loss: 0.4196  | Time: 0m 07s
[2026-04-25 15:30:55] [Epoch 108/300] | Train Loss: 0.4161  | Time: 0m 07s
[2026-04-25 15:31:02] [Epoch 109/300] | Train Loss: 0.3925  | Time: 0m 07s
[2026-04-25 15:31:18] --------------------------------------------------------
[2026-04-25 15:31:18] [Epoch 110/300] | Train Loss: 0.4055  | Val Loss: 0.3741
[2026-04-25 15:31:18]                 | Val Dice  : 0.8971  | Time    : 0m 16s
[2026-04-25 15:31:18]                 | Learning Rate: 0.01
[2026-04-25 15:31:18] ========================================================
[2026-04-25 15:31:18] [WARN] No improvement. Patience: 1/10
[2026-04-25 15:31:18] 
[2026-04-25 15:31:18] ====================================================
[2026-04-25 15:31:27] [Epoch 111/300] | Train Loss: 0.4446  | Time: 0m 08s
[2026-04-25 15:31:34] [Epoch 112/300] | Train Loss: 0.4239  | Time: 0m 07s
[2026-04-25 15:31:41] [Epoch 113/300] | Train Loss: 0.3940  | Time: 0m 07s
[2026-04-25 15:31:49] [Epoch 114/300] | Train Loss: 0.3906  | Time: 0m 07s
[2026-04-25 15:32:05] --------------------------------------------------------
[2026-04-25 15:32:05] [Epoch 115/300] | Train Loss: 0.3672  | Val Loss: 0.4753
[2026-04-25 15:32:05]                 | Val Dice  : 0.8607  | Time    : 0m 15s
[2026-04-25 15:32:05]                 | Learning Rate: 0.01
[2026-04-25 15:32:05] ========================================================
[2026-04-25 15:32:05] [WARN] No improvement. Patience: 2/10
[2026-04-25 15:32:05] 
[2026-04-25 15:32:05] ====================================================
[2026-04-25 15:32:13] [Epoch 116/300] | Train Loss: 0.3821  | Time: 0m 07s
[2026-04-25 15:32:20] [Epoch 117/300] | Train Loss: 0.4116  | Time: 0m 06s
[2026-04-25 15:32:27] [Epoch 118/300] | Train Loss: 0.3717  | Time: 0m 06s
[2026-04-25 15:32:35] [Epoch 119/300] | Train Loss: 0.3933  | Time: 0m 07s
[2026-04-25 15:32:51] --------------------------------------------------------
[2026-04-25 15:32:51] [Epoch 120/300] | Train Loss: 0.4128  | Val Loss: 0.3653
[2026-04-25 15:32:51]                 | Val Dice  : 0.8985  | Time    : 0m 15s
[2026-04-25 15:32:51]                 | Learning Rate: 0.01
[2026-04-25 15:32:51] ========================================================
[2026-04-25 15:32:51] [WARN] No improvement. Patience: 3/10
[2026-04-25 15:32:51] 
[2026-04-25 15:32:51] ====================================================
[2026-04-25 15:32:59] [Epoch 121/300] | Train Loss: 0.3696  | Time: 0m 07s
[2026-04-25 15:33:06] [Epoch 122/300] | Train Loss: 0.3659  | Time: 0m 06s
[2026-04-25 15:33:14] [Epoch 123/300] | Train Loss: 0.4116  | Time: 0m 07s
[2026-04-25 15:33:21] [Epoch 124/300] | Train Loss: 0.3145  | Time: 0m 07s
[2026-04-25 15:33:37] --------------------------------------------------------
[2026-04-25 15:33:37] [Epoch 125/300] | Train Loss: 0.3391  | Val Loss: 0.2679
[2026-04-25 15:33:37]                 | Val Dice  : 0.9258  | Time    : 0m 15s
[2026-04-25 15:33:37]                 | Learning Rate: 0.01
[2026-04-25 15:33:37] ========================================================
[2026-04-25 15:33:37] [SAVE] New best record! MONAI Model saved!
[2026-04-25 15:33:37] 
[2026-04-25 15:33:37] ====================================================
[2026-04-25 15:33:45] [Epoch 126/300] | Train Loss: 0.3678  | Time: 0m 07s
[2026-04-25 15:33:52] [Epoch 127/300] | Train Loss: 0.3126  | Time: 0m 07s
[2026-04-25 15:33:59] [Epoch 128/300] | Train Loss: 0.3563  | Time: 0m 06s
[2026-04-25 15:34:07] [Epoch 129/300] | Train Loss: 0.3670  | Time: 0m 07s
[2026-04-25 15:34:24] --------------------------------------------------------
[2026-04-25 15:34:24] [Epoch 130/300] | Train Loss: 0.3416  | Val Loss: 0.4376
[2026-04-25 15:34:24]                 | Val Dice  : 0.8950  | Time    : 0m 16s
[2026-04-25 15:34:24]                 | Learning Rate: 0.01
[2026-04-25 15:34:24] ========================================================
[2026-04-25 15:34:24] [WARN] No improvement. Patience: 1/10
[2026-04-25 15:34:24] 
[2026-04-25 15:34:24] ====================================================
[2026-04-25 15:34:32] [Epoch 131/300] | Train Loss: 0.3715  | Time: 0m 08s
[2026-04-25 15:34:40] [Epoch 132/300] | Train Loss: 0.3386  | Time: 0m 07s
[2026-04-25 15:34:47] [Epoch 133/300] | Train Loss: 0.2882  | Time: 0m 06s
[2026-04-25 15:34:54] [Epoch 134/300] | Train Loss: 0.3842  | Time: 0m 07s
[2026-04-25 15:35:11] --------------------------------------------------------
[2026-04-25 15:35:11] [Epoch 135/300] | Train Loss: 0.4117  | Val Loss: 0.3396
[2026-04-25 15:35:11]                 | Val Dice  : 0.9236  | Time    : 0m 16s
[2026-04-25 15:35:11]                 | Learning Rate: 0.01
[2026-04-25 15:35:11] ========================================================
[2026-04-25 15:35:11] [WARN] No improvement. Patience: 2/10
[2026-04-25 15:35:11] 
[2026-04-25 15:35:11] ====================================================
[2026-04-25 15:35:18] [Epoch 136/300] | Train Loss: 0.3893  | Time: 0m 07s
[2026-04-25 15:35:26] [Epoch 137/300] | Train Loss: 0.3455  | Time: 0m 07s
[2026-04-25 15:35:33] [Epoch 138/300] | Train Loss: 0.2969  | Time: 0m 06s
[2026-04-25 15:35:40] [Epoch 139/300] | Train Loss: 0.4345  | Time: 0m 06s
[2026-04-25 15:35:56] --------------------------------------------------------
[2026-04-25 15:35:56] [Epoch 140/300] | Train Loss: 0.4877  | Val Loss: 0.3554
[2026-04-25 15:35:56]                 | Val Dice  : 0.9041  | Time    : 0m 16s
[2026-04-25 15:35:56]                 | Learning Rate: 0.01
[2026-04-25 15:35:56] ========================================================
[2026-04-25 15:35:56] [WARN] No improvement. Patience: 3/10
[2026-04-25 15:35:56] 
[2026-04-25 15:35:56] ====================================================
[2026-04-25 15:36:05] [Epoch 141/300] | Train Loss: 0.4192  | Time: 0m 08s
[2026-04-25 15:36:12] [Epoch 142/300] | Train Loss: 0.4130  | Time: 0m 07s
[2026-04-25 15:36:20] [Epoch 143/300] | Train Loss: 0.4434  | Time: 0m 07s
[2026-04-25 15:36:27] [Epoch 144/300] | Train Loss: 0.3930  | Time: 0m 07s
[2026-04-25 15:36:44] --------------------------------------------------------
[2026-04-25 15:36:44] [Epoch 145/300] | Train Loss: 0.4371  | Val Loss: 0.3361
[2026-04-25 15:36:44]                 | Val Dice  : 0.9135  | Time    : 0m 16s
[2026-04-25 15:36:44]                 | Learning Rate: 0.01
[2026-04-25 15:36:44] ========================================================
[2026-04-25 15:36:44] [WARN] No improvement. Patience: 4/10
[2026-04-25 15:36:44] 
[2026-04-25 15:36:44] ====================================================
[2026-04-25 15:36:52] [Epoch 146/300] | Train Loss: 0.3449  | Time: 0m 08s
[2026-04-25 15:37:00] [Epoch 147/300] | Train Loss: 0.4688  | Time: 0m 07s
[2026-04-25 15:37:07] [Epoch 148/300] | Train Loss: 0.3811  | Time: 0m 06s
[2026-04-25 15:37:14] [Epoch 149/300] | Train Loss: 0.4739  | Time: 0m 07s
[2026-04-25 15:37:30] --------------------------------------------------------
[2026-04-25 15:37:30] [Epoch 150/300] | Train Loss: 0.4419  | Val Loss: 0.4445
[2026-04-25 15:37:30]                 | Val Dice  : 0.8348  | Time    : 0m 15s
[2026-04-25 15:37:30]                 | Learning Rate: 0.01
[2026-04-25 15:37:30] ========================================================
[2026-04-25 15:37:30] [WARN] No improvement. Patience: 5/10
[2026-04-25 15:37:30] 
[2026-04-25 15:37:30] ====================================================
[2026-04-25 15:37:38] [Epoch 151/300] | Train Loss: 0.3862  | Time: 0m 08s
[2026-04-25 15:37:46] [Epoch 152/300] | Train Loss: 0.5247  | Time: 0m 07s
[2026-04-25 15:37:53] [Epoch 153/300] | Train Loss: 0.3453  | Time: 0m 06s
[2026-04-25 15:38:00] [Epoch 154/300] | Train Loss: 0.3899  | Time: 0m 07s
[2026-04-25 15:38:17] --------------------------------------------------------
[2026-04-25 15:38:17] [Epoch 155/300] | Train Loss: 0.3563  | Val Loss: 0.3116
[2026-04-25 15:38:17]                 | Val Dice  : 0.9332  | Time    : 0m 16s
[2026-04-25 15:38:17]                 | Learning Rate: 0.01
[2026-04-25 15:38:17] ========================================================
[2026-04-25 15:38:17] [SAVE] New best record! MONAI Model saved!
[2026-04-25 15:38:17] 
[2026-04-25 15:38:17] ====================================================
[2026-04-25 15:38:25] [Epoch 156/300] | Train Loss: 0.3865  | Time: 0m 08s
[2026-04-25 15:38:33] [Epoch 157/300] | Train Loss: 0.3212  | Time: 0m 07s
[2026-04-25 15:38:40] [Epoch 158/300] | Train Loss: 0.3033  | Time: 0m 07s
[2026-04-25 15:38:48] [Epoch 159/300] | Train Loss: 0.3423  | Time: 0m 07s
[2026-04-25 15:39:03] --------------------------------------------------------
[2026-04-25 15:39:03] [Epoch 160/300] | Train Loss: 0.4551  | Val Loss: 0.3431
[2026-04-25 15:39:03]                 | Val Dice  : 0.9320  | Time    : 0m 15s
[2026-04-25 15:39:03]                 | Learning Rate: 0.008
[2026-04-25 15:39:03] ========================================================
[2026-04-25 15:39:03] [WARN] No improvement. Patience: 1/10
[2026-04-25 15:39:03] 
[2026-04-25 15:39:03] ====================================================
[2026-04-25 15:39:11] [Epoch 161/300] | Train Loss: 0.3637  | Time: 0m 07s
[2026-04-25 15:39:18] [Epoch 162/300] | Train Loss: 0.3526  | Time: 0m 07s
[2026-04-25 15:39:26] [Epoch 163/300] | Train Loss: 0.4376  | Time: 0m 07s
[2026-04-25 15:39:33] [Epoch 164/300] | Train Loss: 0.3685  | Time: 0m 07s
[2026-04-25 15:39:50] --------------------------------------------------------
[2026-04-25 15:39:50] [Epoch 165/300] | Train Loss: 0.3484  | Val Loss: 0.3920
[2026-04-25 15:39:50]                 | Val Dice  : 0.8904  | Time    : 0m 16s
[2026-04-25 15:39:50]                 | Learning Rate: 0.008
[2026-04-25 15:39:50] ========================================================
[2026-04-25 15:39:50] [WARN] No improvement. Patience: 2/10
[2026-04-25 15:39:50] 
[2026-04-25 15:39:50] ====================================================
[2026-04-25 15:39:58] [Epoch 166/300] | Train Loss: 0.3908  | Time: 0m 07s
[2026-04-25 15:40:05] [Epoch 167/300] | Train Loss: 0.3705  | Time: 0m 07s
[2026-04-25 15:40:13] [Epoch 168/300] | Train Loss: 0.4575  | Time: 0m 07s
[2026-04-25 15:40:20] [Epoch 169/300] | Train Loss: 0.3606  | Time: 0m 07s
[2026-04-25 15:40:36] --------------------------------------------------------
[2026-04-25 15:40:36] [Epoch 170/300] | Train Loss: 0.3979  | Val Loss: 0.2918
[2026-04-25 15:40:36]                 | Val Dice  : 0.9215  | Time    : 0m 16s
[2026-04-25 15:40:36]                 | Learning Rate: 0.008
[2026-04-25 15:40:36] ========================================================
[2026-04-25 15:40:36] [WARN] No improvement. Patience: 3/10
[2026-04-25 15:40:36] 
[2026-04-25 15:40:36] ====================================================
[2026-04-25 15:40:45] [Epoch 171/300] | Train Loss: 0.3752  | Time: 0m 08s
[2026-04-25 15:40:52] [Epoch 172/300] | Train Loss: 0.3237  | Time: 0m 07s
[2026-04-25 15:40:59] [Epoch 173/300] | Train Loss: 0.4334  | Time: 0m 06s
[2026-04-25 15:41:07] [Epoch 174/300] | Train Loss: 0.3415  | Time: 0m 07s
[2026-04-25 15:41:22] --------------------------------------------------------
[2026-04-25 15:41:22] [Epoch 175/300] | Train Loss: 0.3672  | Val Loss: 0.3843
[2026-04-25 15:41:22]                 | Val Dice  : 0.9086  | Time    : 0m 15s
[2026-04-25 15:41:22]                 | Learning Rate: 0.008
[2026-04-25 15:41:22] ========================================================
[2026-04-25 15:41:23] [WARN] No improvement. Patience: 4/10
[2026-04-25 15:41:23] 
[2026-04-25 15:41:23] ====================================================
[2026-04-25 15:41:31] [Epoch 176/300] | Train Loss: 0.3273  | Time: 0m 08s
[2026-04-25 15:41:38] [Epoch 177/300] | Train Loss: 0.3402  | Time: 0m 07s
[2026-04-25 15:41:45] [Epoch 178/300] | Train Loss: 0.3904  | Time: 0m 07s
[2026-04-25 15:41:53] [Epoch 179/300] | Train Loss: 0.3842  | Time: 0m 07s
[2026-04-25 15:42:08] --------------------------------------------------------
[2026-04-25 15:42:08] [Epoch 180/300] | Train Loss: 0.4188  | Val Loss: 0.3698
[2026-04-25 15:42:08]                 | Val Dice  : 0.9266  | Time    : 0m 15s
[2026-04-25 15:42:08]                 | Learning Rate: 0.008
[2026-04-25 15:42:08] ========================================================
[2026-04-25 15:42:08] [WARN] No improvement. Patience: 5/10
[2026-04-25 15:42:08] 
[2026-04-25 15:42:08] ====================================================
[2026-04-25 15:42:16] [Epoch 181/300] | Train Loss: 0.3532  | Time: 0m 07s
[2026-04-25 15:42:24] [Epoch 182/300] | Train Loss: 0.4405  | Time: 0m 07s
[2026-04-25 15:42:31] [Epoch 183/300] | Train Loss: 0.4312  | Time: 0m 06s
[2026-04-25 15:42:38] [Epoch 184/300] | Train Loss: 0.3892  | Time: 0m 07s
[2026-04-25 15:42:54] --------------------------------------------------------
[2026-04-25 15:42:54] [Epoch 185/300] | Train Loss: 0.3920  | Val Loss: 0.4013
[2026-04-25 15:42:54]                 | Val Dice  : 0.7955  | Time    : 0m 15s
[2026-04-25 15:42:54]                 | Learning Rate: 0.008
[2026-04-25 15:42:54] ========================================================
[2026-04-25 15:42:54] [WARN] No improvement. Patience: 6/10
[2026-04-25 15:42:54] 
[2026-04-25 15:42:54] ====================================================
[2026-04-25 15:43:02] [Epoch 186/300] | Train Loss: 0.4083  | Time: 0m 07s
[2026-04-25 15:43:09] [Epoch 187/300] | Train Loss: 0.3814  | Time: 0m 07s
[2026-04-25 15:43:17] [Epoch 188/300] | Train Loss: 0.3912  | Time: 0m 07s
[2026-04-25 15:43:24] [Epoch 189/300] | Train Loss: 0.3064  | Time: 0m 06s
[2026-04-25 15:43:40] --------------------------------------------------------
[2026-04-25 15:43:40] [Epoch 190/300] | Train Loss: 0.3568  | Val Loss: 0.3570
[2026-04-25 15:43:40]                 | Val Dice  : 0.8902  | Time    : 0m 16s
[2026-04-25 15:43:40]                 | Learning Rate: 0.008
[2026-04-25 15:43:40] ========================================================
[2026-04-25 15:43:40] [WARN] No improvement. Patience: 7/10
[2026-04-25 15:43:40] 
[2026-04-25 15:43:40] ====================================================
[2026-04-25 15:43:48] [Epoch 191/300] | Train Loss: 0.4470  | Time: 0m 07s
[2026-04-25 15:43:55] [Epoch 192/300] | Train Loss: 0.3739  | Time: 0m 07s
[2026-04-25 15:44:02] [Epoch 193/300] | Train Loss: 0.3035  | Time: 0m 06s
[2026-04-25 15:44:10] [Epoch 194/300] | Train Loss: 0.4102  | Time: 0m 07s
[2026-04-25 15:44:26] --------------------------------------------------------
[2026-04-25 15:44:26] [Epoch 195/300] | Train Loss: 0.3550  | Val Loss: 0.3075
[2026-04-25 15:44:26]                 | Val Dice  : 0.9487  | Time    : 0m 16s
[2026-04-25 15:44:26]                 | Learning Rate: 0.0064
[2026-04-25 15:44:26] ========================================================
[2026-04-25 15:44:26] [SAVE] New best record! MONAI Model saved!
[2026-04-25 15:44:26] 
[2026-04-25 15:44:26] ====================================================
[2026-04-25 15:44:35] [Epoch 196/300] | Train Loss: 0.3563  | Time: 0m 08s
[2026-04-25 15:44:42] [Epoch 197/300] | Train Loss: 0.3699  | Time: 0m 07s
[2026-04-25 15:44:50] [Epoch 198/300] | Train Loss: 0.4646  | Time: 0m 07s
[2026-04-25 15:44:58] [Epoch 199/300] | Train Loss: 0.4082  | Time: 0m 07s
[2026-04-25 15:45:13] --------------------------------------------------------
[2026-04-25 15:45:13] [Epoch 200/300] | Train Loss: 0.3775  | Val Loss: 0.3378
[2026-04-25 15:45:13]                 | Val Dice  : 0.9303  | Time    : 0m 15s
[2026-04-25 15:45:13]                 | Learning Rate: 0.0064
[2026-04-25 15:45:13] ========================================================
[2026-04-25 15:45:13] [WARN] No improvement. Patience: 1/10
[2026-04-25 15:45:13] 
[2026-04-25 15:45:13] ====================================================
[2026-04-25 15:45:21] [Epoch 201/300] | Train Loss: 0.4191  | Time: 0m 07s
[2026-04-25 15:45:29] [Epoch 202/300] | Train Loss: 0.3255  | Time: 0m 07s
[2026-04-25 15:45:36] [Epoch 203/300] | Train Loss: 0.3283  | Time: 0m 07s
[2026-04-25 15:45:43] [Epoch 204/300] | Train Loss: 0.4402  | Time: 0m 06s
[2026-04-25 15:46:00] --------------------------------------------------------
[2026-04-25 15:46:00] [Epoch 205/300] | Train Loss: 0.3754  | Val Loss: 0.2736
[2026-04-25 15:46:00]                 | Val Dice  : 0.9516  | Time    : 0m 15s
[2026-04-25 15:46:00]                 | Learning Rate: 0.0064
[2026-04-25 15:46:00] ========================================================
[2026-04-25 15:46:00] [SAVE] New best record! MONAI Model saved!
[2026-04-25 15:46:00] 
[2026-04-25 15:46:00] ====================================================
[2026-04-25 15:46:08] [Epoch 206/300] | Train Loss: 0.4200  | Time: 0m 08s
[2026-04-25 15:46:16] [Epoch 207/300] | Train Loss: 0.4287  | Time: 0m 07s
[2026-04-25 15:46:23] [Epoch 208/300] | Train Loss: 0.3991  | Time: 0m 07s
[2026-04-25 15:46:31] [Epoch 209/300] | Train Loss: 0.3754  | Time: 0m 07s
[2026-04-25 15:46:46] --------------------------------------------------------
[2026-04-25 15:46:46] [Epoch 210/300] | Train Loss: 0.3349  | Val Loss: 0.3304
[2026-04-25 15:46:46]                 | Val Dice  : 0.9361  | Time    : 0m 15s
[2026-04-25 15:46:46]                 | Learning Rate: 0.0064
[2026-04-25 15:46:46] ========================================================
[2026-04-25 15:46:46] [WARN] No improvement. Patience: 1/10
[2026-04-25 15:46:46] 
[2026-04-25 15:46:46] ====================================================
[2026-04-25 15:46:54] [Epoch 211/300] | Train Loss: 0.3871  | Time: 0m 07s
[2026-04-25 15:47:01] [Epoch 212/300] | Train Loss: 0.3991  | Time: 0m 06s
[2026-04-25 15:47:08] [Epoch 213/300] | Train Loss: 0.3708  | Time: 0m 06s
[2026-04-25 15:47:16] [Epoch 214/300] | Train Loss: 0.3513  | Time: 0m 07s
[2026-04-25 15:47:31] --------------------------------------------------------
[2026-04-25 15:47:31] [Epoch 215/300] | Train Loss: 0.3494  | Val Loss: 0.3984
[2026-04-25 15:47:31]                 | Val Dice  : 0.9376  | Time    : 0m 15s
[2026-04-25 15:47:31]                 | Learning Rate: 0.0064
[2026-04-25 15:47:31] ========================================================
[2026-04-25 15:47:31] [WARN] No improvement. Patience: 2/10
[2026-04-25 15:47:31] 
[2026-04-25 15:47:31] ====================================================
[2026-04-25 15:47:39] [Epoch 216/300] | Train Loss: 0.3240  | Time: 0m 07s
[2026-04-25 15:47:46] [Epoch 217/300] | Train Loss: 0.4167  | Time: 0m 07s
[2026-04-25 15:47:54] [Epoch 218/300] | Train Loss: 0.3712  | Time: 0m 07s
[2026-04-25 15:48:01] [Epoch 219/300] | Train Loss: 0.3111  | Time: 0m 06s
[2026-04-25 15:48:17] --------------------------------------------------------
[2026-04-25 15:48:17] [Epoch 220/300] | Train Loss: 0.3897  | Val Loss: 0.3795
[2026-04-25 15:48:17]                 | Val Dice  : 0.9162  | Time    : 0m 15s
[2026-04-25 15:48:17]                 | Learning Rate: 0.0064
[2026-04-25 15:48:17] ========================================================
[2026-04-25 15:48:17] [WARN] No improvement. Patience: 3/10
[2026-04-25 15:48:17] 
[2026-04-25 15:48:17] ====================================================
[2026-04-25 15:48:25] [Epoch 221/300] | Train Loss: 0.3699  | Time: 0m 08s
[2026-04-25 15:48:33] [Epoch 222/300] | Train Loss: 0.2783  | Time: 0m 07s
[2026-04-25 15:48:40] [Epoch 223/300] | Train Loss: 0.3564  | Time: 0m 07s
[2026-04-25 15:48:47] [Epoch 224/300] | Train Loss: 0.3559  | Time: 0m 07s
[2026-04-25 15:49:03] --------------------------------------------------------
[2026-04-25 15:49:03] [Epoch 225/300] | Train Loss: 0.3396  | Val Loss: 0.3671
[2026-04-25 15:49:03]                 | Val Dice  : 0.9559  | Time    : 0m 15s
[2026-04-25 15:49:03]                 | Learning Rate: 0.0064
[2026-04-25 15:49:03] ========================================================
[2026-04-25 15:49:03] [SAVE] New best record! MONAI Model saved!
[2026-04-25 15:49:03] 
[2026-04-25 15:49:03] ====================================================
[2026-04-25 15:49:11] [Epoch 226/300] | Train Loss: 0.4036  | Time: 0m 08s
[2026-04-25 15:49:19] [Epoch 227/300] | Train Loss: 0.4134  | Time: 0m 07s
[2026-04-25 15:49:26] [Epoch 228/300] | Train Loss: 0.4379  | Time: 0m 07s
[2026-04-25 15:49:33] [Epoch 229/300] | Train Loss: 0.3456  | Time: 0m 07s
[2026-04-25 15:49:49] --------------------------------------------------------
[2026-04-25 15:49:49] [Epoch 230/300] | Train Loss: 0.3345  | Val Loss: 0.3600
[2026-04-25 15:49:49]                 | Val Dice  : 0.9304  | Time    : 0m 15s
[2026-04-25 15:49:49]                 | Learning Rate: 0.00512
[2026-04-25 15:49:49] ========================================================
[2026-04-25 15:49:49] [WARN] No improvement. Patience: 1/10
[2026-04-25 15:49:49] 
[2026-04-25 15:49:49] ====================================================
[2026-04-25 15:49:57] [Epoch 231/300] | Train Loss: 0.3204  | Time: 0m 07s
[2026-04-25 15:50:04] [Epoch 232/300] | Train Loss: 0.4173  | Time: 0m 07s
[2026-04-25 15:50:12] [Epoch 233/300] | Train Loss: 0.3966  | Time: 0m 07s
[2026-04-25 15:50:20] [Epoch 234/300] | Train Loss: 0.3561  | Time: 0m 07s
[2026-04-25 15:50:36] --------------------------------------------------------
[2026-04-25 15:50:36] [Epoch 235/300] | Train Loss: 0.4281  | Val Loss: 0.3920
[2026-04-25 15:50:36]                 | Val Dice  : 0.9207  | Time    : 0m 16s
[2026-04-25 15:50:36]                 | Learning Rate: 0.00512
[2026-04-25 15:50:36] ========================================================
[2026-04-25 15:50:36] [WARN] No improvement. Patience: 2/10
[2026-04-25 15:50:36] 
[2026-04-25 15:50:36] ====================================================
[2026-04-25 15:50:45] [Epoch 236/300] | Train Loss: 0.3828  | Time: 0m 07s
[2026-04-25 15:50:52] [Epoch 237/300] | Train Loss: 0.3719  | Time: 0m 07s
[2026-04-25 15:50:59] [Epoch 238/300] | Train Loss: 0.4330  | Time: 0m 06s
[2026-04-25 15:51:07] [Epoch 239/300] | Train Loss: 0.3695  | Time: 0m 07s
[2026-04-25 15:51:23] --------------------------------------------------------
[2026-04-25 15:51:23] [Epoch 240/300] | Train Loss: 0.4184  | Val Loss: 0.3673
[2026-04-25 15:51:23]                 | Val Dice  : 0.9483  | Time    : 0m 15s
[2026-04-25 15:51:23]                 | Learning Rate: 0.00512
[2026-04-25 15:51:23] ========================================================
[2026-04-25 15:51:23] [WARN] No improvement. Patience: 3/10
[2026-04-25 15:51:23] 
[2026-04-25 15:51:23] ====================================================
[2026-04-25 15:51:31] [Epoch 241/300] | Train Loss: 0.3915  | Time: 0m 07s
[2026-04-25 15:51:39] [Epoch 242/300] | Train Loss: 0.3765  | Time: 0m 07s
[2026-04-25 15:51:46] [Epoch 243/300] | Train Loss: 0.4070  | Time: 0m 07s
[2026-04-25 15:51:54] [Epoch 244/300] | Train Loss: 0.3537  | Time: 0m 07s
[2026-04-25 15:52:09] --------------------------------------------------------
[2026-04-25 15:52:09] [Epoch 245/300] | Train Loss: 0.3345  | Val Loss: 0.4253
[2026-04-25 15:52:09]                 | Val Dice  : 0.9012  | Time    : 0m 15s
[2026-04-25 15:52:09]                 | Learning Rate: 0.00512
[2026-04-25 15:52:09] ========================================================
[2026-04-25 15:52:09] [WARN] No improvement. Patience: 4/10
[2026-04-25 15:52:09] 
[2026-04-25 15:52:09] ====================================================
[2026-04-25 15:52:18] [Epoch 246/300] | Train Loss: 0.4165  | Time: 0m 08s
[2026-04-25 15:52:25] [Epoch 247/300] | Train Loss: 0.4094  | Time: 0m 07s
[2026-04-25 15:52:33] [Epoch 248/300] | Train Loss: 0.3874  | Time: 0m 07s
[2026-04-25 15:52:40] [Epoch 249/300] | Train Loss: 0.3742  | Time: 0m 07s
[2026-04-25 15:52:57] --------------------------------------------------------
[2026-04-25 15:52:57] [Epoch 250/300] | Train Loss: 0.3286  | Val Loss: 0.3792
[2026-04-25 15:52:57]                 | Val Dice  : 0.9485  | Time    : 0m 16s
[2026-04-25 15:52:57]                 | Learning Rate: 0.00512
[2026-04-25 15:52:57] ========================================================
[2026-04-25 15:52:57] [WARN] No improvement. Patience: 5/10
[2026-04-25 15:52:57] 
[2026-04-25 15:52:57] ====================================================
[2026-04-25 15:53:05] [Epoch 251/300] | Train Loss: 0.3278  | Time: 0m 08s
[2026-04-25 15:53:13] [Epoch 252/300] | Train Loss: 0.4202  | Time: 0m 07s
[2026-04-25 15:53:20] [Epoch 253/300] | Train Loss: 0.3967  | Time: 0m 07s
[2026-04-25 15:53:28] [Epoch 254/300] | Train Loss: 0.3600  | Time: 0m 07s
[2026-04-25 15:53:44] --------------------------------------------------------
[2026-04-25 15:53:44] [Epoch 255/300] | Train Loss: 0.3702  | Val Loss: 0.4071
[2026-04-25 15:53:44]                 | Val Dice  : 0.9452  | Time    : 0m 15s
[2026-04-25 15:53:44]                 | Learning Rate: 0.00512
[2026-04-25 15:53:44] ========================================================
[2026-04-25 15:53:44] [WARN] No improvement. Patience: 6/10
[2026-04-25 15:53:44] 
[2026-04-25 15:53:44] ====================================================
[2026-04-25 15:53:52] [Epoch 256/300] | Train Loss: 0.3529  | Time: 0m 07s
[2026-04-25 15:53:59] [Epoch 257/300] | Train Loss: 0.4049  | Time: 0m 07s
[2026-04-25 15:54:07] [Epoch 258/300] | Train Loss: 0.3008  | Time: 0m 07s
[2026-04-25 15:54:14] [Epoch 259/300] | Train Loss: 0.3917  | Time: 0m 07s
[2026-04-25 15:54:30] --------------------------------------------------------
[2026-04-25 15:54:30] [Epoch 260/300] | Train Loss: 0.4180  | Val Loss: 0.3860
[2026-04-25 15:54:30]                 | Val Dice  : 0.9426  | Time    : 0m 15s
[2026-04-25 15:54:30]                 | Learning Rate: 0.00512
[2026-04-25 15:54:30] ========================================================
[2026-04-25 15:54:30] [WARN] No improvement. Patience: 7/10
[2026-04-25 15:54:30] 
[2026-04-25 15:54:30] ====================================================
[2026-04-25 15:54:38] [Epoch 261/300] | Train Loss: 0.4234  | Time: 0m 07s
[2026-04-25 15:54:46] [Epoch 262/300] | Train Loss: 0.2902  | Time: 0m 07s
[2026-04-25 15:54:54] [Epoch 263/300] | Train Loss: 0.3140  | Time: 0m 07s
[2026-04-25 15:55:01] [Epoch 264/300] | Train Loss: 0.3677  | Time: 0m 07s
[2026-04-25 15:55:17] --------------------------------------------------------
[2026-04-25 15:55:17] [Epoch 265/300] | Train Loss: 0.3433  | Val Loss: 0.3149
[2026-04-25 15:55:17]                 | Val Dice  : 0.9493  | Time    : 0m 15s
[2026-04-25 15:55:17]                 | Learning Rate: 0.004096000000000001
[2026-04-25 15:55:17] ========================================================
[2026-04-25 15:55:17] [WARN] No improvement. Patience: 8/10
[2026-04-25 15:55:17] 
[2026-04-25 15:55:17] ====================================================
[2026-04-25 15:55:25] [Epoch 266/300] | Train Loss: 0.3253  | Time: 0m 08s
[2026-04-25 15:55:33] [Epoch 267/300] | Train Loss: 0.4298  | Time: 0m 07s
[2026-04-25 15:55:41] [Epoch 268/300] | Train Loss: 0.3378  | Time: 0m 07s
[2026-04-25 15:55:48] [Epoch 269/300] | Train Loss: 0.3953  | Time: 0m 07s
[2026-04-25 15:56:04] --------------------------------------------------------
[2026-04-25 15:56:04] [Epoch 270/300] | Train Loss: 0.3771  | Val Loss: 0.3730
[2026-04-25 15:56:04]                 | Val Dice  : 0.9460  | Time    : 0m 15s
[2026-04-25 15:56:04]                 | Learning Rate: 0.004096000000000001
[2026-04-25 15:56:04] ========================================================
[2026-04-25 15:56:04] [WARN] No improvement. Patience: 9/10
[2026-04-25 15:56:04] 
[2026-04-25 15:56:04] ====================================================
[2026-04-25 15:56:13] [Epoch 271/300] | Train Loss: 0.3447  | Time: 0m 08s
[2026-04-25 15:56:20] [Epoch 272/300] | Train Loss: 0.4275  | Time: 0m 07s
[2026-04-25 15:56:27] [Epoch 273/300] | Train Loss: 0.3434  | Time: 0m 07s
[2026-04-25 15:56:35] [Epoch 274/300] | Train Loss: 0.3612  | Time: 0m 07s
[2026-04-25 15:56:50] --------------------------------------------------------
[2026-04-25 15:56:50] [Epoch 275/300] | Train Loss: 0.3366  | Val Loss: 0.4293
[2026-04-25 15:56:50]                 | Val Dice  : 0.9393  | Time    : 0m 15s
[2026-04-25 15:56:50]                 | Learning Rate: 0.004096000000000001
[2026-04-25 15:56:50] ========================================================
[2026-04-25 15:56:50] [WARN] No improvement. Patience: 10/10
[2026-04-25 15:56:50] 
[2026-04-25 15:56:50] ====================================================
[2026-04-25 15:56:50] [STOP] Early stopping triggered! Training halted.
[2026-04-25 15:56:50]        Final best Val Dice: 0.9559
[2026-04-25 15:56:50] =================================================
