[2026-04-22 12:27:07] 
[2026-04-22 12:27:07] === Pre-flight Checklist ==✈
[2026-04-22 12:27:07] [ERROR] Failed to load DirectML! Reason: No module named 'torch_directml'
[2026-04-22 12:27:07] [INFO] Device set to: cuda
[2026-04-22 12:27:07] [INFO] Dataset loaded. Train: 666 images | Val: 188 images
[2026-04-22 12:27:07] [INFO] Dataloaders ready. Batch size: 2 | Total train steps per epoch: 333
[2026-04-22 12:27:08] [INFO] Model initialized: 【UNet】 | Total trainable parameters: 31,042,369
[2026-04-22 12:27:08] [INFO] Criterion: DiceLoss
[2026-04-22 12:27:09] [INFO] Optimizer configured: SGD (lr=0.001, momentum=0.9)
[2026-04-22 12:27:09] [INFO] Learning Rate Scheduler configured: ReduceLROnPlateau
[2026-04-22 12:27:09] [INFO] TensorBoard monitoring activated. Logs saved at: ./output\tensorboard/SpleenSeg_UNet_Board_20260422_1227
[2026-04-22 12:27:09] [INFO] Early Stopping configured. Patience: 3 epochs, max_epochs: 50
[2026-04-22 12:27:09] ============================
[2026-04-22 12:27:09] 
[2026-04-22 12:27:09] ===== Training Started ====✈
[2026-04-22 12:27:09] 
[2026-04-22 12:27:09] [Epoch 001/050]
[2026-04-22 12:28:38] ========================================================
[2026-04-22 12:28:38] [Epoch Summary] | Train Loss: 0.9520  | Val Loss: 0.9397
[2026-04-22 12:28:38]                 | Val Dice  : 0.1050  | Time    : 1m 29s
[2026-04-22 12:28:38]                 | Learning Rate: 0.001
[2026-04-22 12:28:38] ========================================================
[2026-04-22 12:28:38] [SAVE] New best record! Model saved!
[2026-04-22 12:28:38] 
[2026-04-22 12:28:38] [Epoch 002/050]
[2026-04-22 12:30:04] ========================================================
[2026-04-22 12:30:04] [Epoch Summary] | Train Loss: 0.9319  | Val Loss: 0.9229
[2026-04-22 12:30:04]                 | Val Dice  : 0.1142  | Time    : 1m 25s
[2026-04-22 12:30:04]                 | Learning Rate: 0.001
[2026-04-22 12:30:04] ========================================================
[2026-04-22 12:30:04] [SAVE] New best record! Model saved!
[2026-04-22 12:30:04] 
[2026-04-22 12:30:04] [Epoch 003/050]
[2026-04-22 12:31:31] ========================================================
[2026-04-22 12:31:31] [Epoch Summary] | Train Loss: 0.9120  | Val Loss: 0.9020
[2026-04-22 12:31:31]                 | Val Dice  : 0.1308  | Time    : 1m 26s
[2026-04-22 12:31:31]                 | Learning Rate: 0.001
[2026-04-22 12:31:31] ========================================================
[2026-04-22 12:31:31] [SAVE] New best record! Model saved!
[2026-04-22 12:31:31] 
[2026-04-22 12:31:31] [Epoch 004/050]
[2026-04-22 12:32:56] ========================================================
[2026-04-22 12:32:56] [Epoch Summary] | Train Loss: 0.8930  | Val Loss: 0.8858
[2026-04-22 12:32:56]                 | Val Dice  : 0.1381  | Time    : 1m 25s
[2026-04-22 12:32:56]                 | Learning Rate: 0.001
[2026-04-22 12:32:56] ========================================================
[2026-04-22 12:32:57] [SAVE] New best record! Model saved!
[2026-04-22 12:32:57] 
[2026-04-22 12:32:57] [Epoch 005/050]
[2026-04-22 12:34:21] ========================================================
[2026-04-22 12:34:21] [Epoch Summary] | Train Loss: 0.8666  | Val Loss: 0.8946
[2026-04-22 12:34:21]                 | Val Dice  : 0.1165  | Time    : 1m 24s
[2026-04-22 12:34:21]                 | Learning Rate: 0.001
[2026-04-22 12:34:21] ========================================================
[2026-04-22 12:34:22] [WARN] No improvement. Patience: 1/3
[2026-04-22 12:34:22] 
[2026-04-22 12:34:22] [Epoch 006/050]
[2026-04-22 12:35:46] ========================================================
[2026-04-22 12:35:46] [Epoch Summary] | Train Loss: 0.5402  | Val Loss: 0.3636
[2026-04-22 12:35:46]                 | Val Dice  : 0.7318  | Time    : 1m 24s
[2026-04-22 12:35:46]                 | Learning Rate: 0.001
[2026-04-22 12:35:46] ========================================================
[2026-04-22 12:35:47] [SAVE] New best record! Model saved!
[2026-04-22 12:35:47] 
[2026-04-22 12:35:47] [Epoch 007/050]
[2026-04-22 12:37:12] ========================================================
[2026-04-22 12:37:12] [Epoch Summary] | Train Loss: 0.1368  | Val Loss: 0.4592
[2026-04-22 12:37:12]                 | Val Dice  : 0.5909  | Time    : 1m 25s
[2026-04-22 12:37:12]                 | Learning Rate: 0.001
[2026-04-22 12:37:12] ========================================================
[2026-04-22 12:37:13] [WARN] No improvement. Patience: 1/3
[2026-04-22 12:37:13] 
[2026-04-22 12:37:13] [Epoch 008/050]
[2026-04-22 12:38:38] ========================================================
[2026-04-22 12:38:38] [Epoch Summary] | Train Loss: 0.0983  | Val Loss: 0.2836
[2026-04-22 12:38:38]                 | Val Dice  : 0.8031  | Time    : 1m 25s
[2026-04-22 12:38:38]                 | Learning Rate: 0.001
[2026-04-22 12:38:38] ========================================================
[2026-04-22 12:38:38] [SAVE] New best record! Model saved!
[2026-04-22 12:38:38] 
[2026-04-22 12:38:38] [Epoch 009/050]
[2026-04-22 12:40:05] ========================================================
[2026-04-22 12:40:05] [Epoch Summary] | Train Loss: 0.0684  | Val Loss: 0.1426
[2026-04-22 12:40:05]                 | Val Dice  : 0.9095  | Time    : 1m 26s
[2026-04-22 12:40:05]                 | Learning Rate: 0.001
[2026-04-22 12:40:05] ========================================================
[2026-04-22 12:40:05] [SAVE] New best record! Model saved!
[2026-04-22 12:40:05] 
[2026-04-22 12:40:05] [Epoch 010/050]
[2026-04-22 12:41:32] ========================================================
[2026-04-22 12:41:32] [Epoch Summary] | Train Loss: 0.0649  | Val Loss: 0.1254
[2026-04-22 12:41:32]                 | Val Dice  : 0.9193  | Time    : 1m 27s
[2026-04-22 12:41:32]                 | Learning Rate: 0.001
[2026-04-22 12:41:32] ========================================================
[2026-04-22 12:41:33] [SAVE] New best record! Model saved!
[2026-04-22 12:41:33] 
[2026-04-22 12:41:33] [Epoch 011/050]
[2026-04-22 12:42:58] ========================================================
[2026-04-22 12:42:58] [Epoch Summary] | Train Loss: 0.0527  | Val Loss: 0.0892
[2026-04-22 12:42:58]                 | Val Dice  : 0.9444  | Time    : 1m 25s
[2026-04-22 12:42:58]                 | Learning Rate: 0.001
[2026-04-22 12:42:58] ========================================================
[2026-04-22 12:42:58] [SAVE] New best record! Model saved!
[2026-04-22 12:42:58] 
[2026-04-22 12:42:58] [Epoch 012/050]
[2026-04-22 12:44:24] ========================================================
[2026-04-22 12:44:24] [Epoch Summary] | Train Loss: 0.0515  | Val Loss: 0.1062
[2026-04-22 12:44:24]                 | Val Dice  : 0.9339  | Time    : 1m 25s
[2026-04-22 12:44:24]                 | Learning Rate: 0.001
[2026-04-22 12:44:24] ========================================================
[2026-04-22 12:44:24] [WARN] No improvement. Patience: 1/3
[2026-04-22 12:44:24] 
[2026-04-22 12:44:24] [Epoch 013/050]
[2026-04-22 12:45:49] ========================================================
[2026-04-22 12:45:49] [Epoch Summary] | Train Loss: 0.0574  | Val Loss: 0.1064
[2026-04-22 12:45:49]                 | Val Dice  : 0.9201  | Time    : 1m 25s
[2026-04-22 12:45:49]                 | Learning Rate: 0.001
[2026-04-22 12:45:49] ========================================================
[2026-04-22 12:45:49] [WARN] No improvement. Patience: 2/3
[2026-04-22 12:45:49] 
[2026-04-22 12:45:49] [Epoch 014/050]
[2026-04-22 12:47:15] ========================================================
[2026-04-22 12:47:15] [Epoch Summary] | Train Loss: 0.0425  | Val Loss: 0.0920
[2026-04-22 12:47:15]                 | Val Dice  : 0.9375  | Time    : 1m 25s
[2026-04-22 12:47:15]                 | Learning Rate: 0.0005
[2026-04-22 12:47:15] ========================================================
[2026-04-22 12:47:16] [WARN] No improvement. Patience: 3/3
[2026-04-22 12:47:16] [STOP] Early stopping triggered! Training halted, TensorBoard writer closed.
