[2026-04-17 09:27:05] 
[2026-04-17 09:27:05] === Pre-flight Checklist ==✈
[2026-04-17 09:27:05] [ERROR] Failed to load DirectML! Reason: No module named 'torch_directml'
[2026-04-17 09:27:05] [INFO] Device set to: cuda
[2026-04-17 09:27:05] [INFO] Dataset loaded. Train: 666 images | Val: 188 images
[2026-04-17 09:27:05] [INFO] Dataloaders ready. Batch size: 2 | Total train steps per epoch: 333
[2026-04-17 09:27:05] [INFO] Model initialized: 【UNet】 | Total trainable parameters: 31,042,369
[2026-04-17 09:27:05] [INFO] Criterion: DiceLoss
[2026-04-17 09:27:06] [INFO] Optimizer configured: SGD (lr=0.001, momentum=0.9)
[2026-04-17 09:27:06] [INFO] TensorBoard monitoring activated. Logs saved at: ./output\tensorboard/SpleenSeg_UNet_Board_20260417_0927
[2026-04-17 09:27:06] [INFO] Early Stopping configured. Patience: 3 epochs, max_epochs: 50
[2026-04-17 09:27:06] ============================
[2026-04-17 09:27:06] 
[2026-04-17 09:27:06] ===== Training Started ====✈
[2026-04-17 09:27:06] 
[2026-04-17 09:27:06] [Epoch 001/050]
[2026-04-17 09:28:30] ========================================================
[2026-04-17 09:28:30] [Epoch Summary] | Train Loss: 0.9468  | Val Loss: 0.9318
[2026-04-17 09:28:30]                 | Val Dice  : 0.0682  | Time    : 1m 24s
[2026-04-17 09:28:30] ========================================================
[2026-04-17 09:28:31] [SAVE] New best record! Model saved!
[2026-04-17 09:28:31] 
[2026-04-17 09:28:31] [Epoch 002/050]
[2026-04-17 09:29:55] ========================================================
[2026-04-17 09:29:55] [Epoch Summary] | Train Loss: 0.9222  | Val Loss: 0.9119
[2026-04-17 09:29:55]                 | Val Dice  : 0.0881  | Time    : 1m 24s
[2026-04-17 09:29:55] ========================================================
[2026-04-17 09:29:55] [SAVE] New best record! Model saved!
[2026-04-17 09:29:55] 
[2026-04-17 09:29:55] [Epoch 003/050]
[2026-04-17 09:31:19] ========================================================
[2026-04-17 09:31:19] [Epoch Summary] | Train Loss: 0.9022  | Val Loss: 0.8943
[2026-04-17 09:31:19]                 | Val Dice  : 0.1057  | Time    : 1m 23s
[2026-04-17 09:31:19] ========================================================
[2026-04-17 09:31:20] [SAVE] New best record! Model saved!
[2026-04-17 09:31:20] 
[2026-04-17 09:31:20] [Epoch 004/050]
[2026-04-17 09:32:44] ========================================================
[2026-04-17 09:32:44] [Epoch Summary] | Train Loss: 0.8809  | Val Loss: 0.8891
[2026-04-17 09:32:44]                 | Val Dice  : 0.1109  | Time    : 1m 24s
[2026-04-17 09:32:44] ========================================================
[2026-04-17 09:32:44] [SAVE] New best record! Model saved!
[2026-04-17 09:32:44] 
[2026-04-17 09:32:44] [Epoch 005/050]
[2026-04-17 09:34:08] ========================================================
[2026-04-17 09:34:08] [Epoch Summary] | Train Loss: 0.6407  | Val Loss: 0.3723
[2026-04-17 09:34:08]                 | Val Dice  : 0.6277  | Time    : 1m 24s
[2026-04-17 09:34:08] ========================================================
[2026-04-17 09:34:09] [SAVE] New best record! Model saved!
[2026-04-17 09:34:09] 
[2026-04-17 09:34:09] [Epoch 006/050]
[2026-04-17 09:35:33] ========================================================
[2026-04-17 09:35:33] [Epoch Summary] | Train Loss: 0.1460  | Val Loss: 0.1738
[2026-04-17 09:35:33]                 | Val Dice  : 0.8262  | Time    : 1m 24s
[2026-04-17 09:35:33] ========================================================
[2026-04-17 09:35:33] [SAVE] New best record! Model saved!
[2026-04-17 09:35:33] 
[2026-04-17 09:35:33] [Epoch 007/050]
[2026-04-17 09:36:57] ========================================================
[2026-04-17 09:36:57] [Epoch Summary] | Train Loss: 0.0890  | Val Loss: 0.1374
[2026-04-17 09:36:57]                 | Val Dice  : 0.8626  | Time    : 1m 24s
[2026-04-17 09:36:57] ========================================================
[2026-04-17 09:36:58] [SAVE] New best record! Model saved!
[2026-04-17 09:36:58] 
[2026-04-17 09:36:58] [Epoch 008/050]
[2026-04-17 09:38:23] ========================================================
[2026-04-17 09:38:23] [Epoch Summary] | Train Loss: 0.0804  | Val Loss: 0.1416
[2026-04-17 09:38:23]                 | Val Dice  : 0.8584  | Time    : 1m 24s
[2026-04-17 09:38:23] ========================================================
[2026-04-17 09:38:23] [WARN] No improvement. Patience: 1/3
[2026-04-17 09:38:23] 
[2026-04-17 09:38:23] [Epoch 009/050]
[2026-04-17 09:39:49] ========================================================
[2026-04-17 09:39:49] [Epoch Summary] | Train Loss: 0.0743  | Val Loss: 0.1205
[2026-04-17 09:39:49]                 | Val Dice  : 0.8795  | Time    : 1m 26s
[2026-04-17 09:39:49] ========================================================
[2026-04-17 09:39:50] [SAVE] New best record! Model saved!
[2026-04-17 09:39:50] 
[2026-04-17 09:39:50] [Epoch 010/050]
[2026-04-17 09:41:15] ========================================================
[2026-04-17 09:41:15] [Epoch Summary] | Train Loss: 0.0566  | Val Loss: 0.1102
[2026-04-17 09:41:15]                 | Val Dice  : 0.8898  | Time    : 1m 24s
[2026-04-17 09:41:15] ========================================================
[2026-04-17 09:41:15] [SAVE] New best record! Model saved!
[2026-04-17 09:41:15] 
[2026-04-17 09:41:15] [Epoch 011/050]
[2026-04-17 09:42:39] ========================================================
[2026-04-17 09:42:39] [Epoch Summary] | Train Loss: 0.0498  | Val Loss: 0.1796
[2026-04-17 09:42:39]                 | Val Dice  : 0.8204  | Time    : 1m 24s
[2026-04-17 09:42:39] ========================================================
[2026-04-17 09:42:39] [WARN] No improvement. Patience: 1/3
[2026-04-17 09:42:39] 
[2026-04-17 09:42:39] [Epoch 012/050]
[2026-04-17 09:44:04] ========================================================
[2026-04-17 09:44:04] [Epoch Summary] | Train Loss: 0.0490  | Val Loss: 0.1419
[2026-04-17 09:44:04]                 | Val Dice  : 0.8581  | Time    : 1m 24s
[2026-04-17 09:44:04] ========================================================
[2026-04-17 09:44:05] [WARN] No improvement. Patience: 2/3
[2026-04-17 09:44:05] 
[2026-04-17 09:44:05] [Epoch 013/050]
[2026-04-17 09:45:29] ========================================================
[2026-04-17 09:45:29] [Epoch Summary] | Train Loss: 0.0527  | Val Loss: 0.1403
[2026-04-17 09:45:29]                 | Val Dice  : 0.8597  | Time    : 1m 24s
[2026-04-17 09:45:29] ========================================================
[2026-04-17 09:45:29] [WARN] No improvement. Patience: 3/3
[2026-04-17 09:45:29] [STOP] Early stopping triggered! Training halted, TensorBoard writer closed.
